12320 : 2021-06-21 08:03:47,505 : INFO : telemetry.main : Attempt start. Configuration directory [/home/gabriel/.azure].
12320 : 2021-06-21 08:03:47,505 : INFO : telemetry.check : Positive: The /home/gabriel/.azure/telemetry.txt does not exist.
12320 : 2021-06-21 08:03:47,505 : DEBUG : telemetry.note : acquiring lock
12320 : 2021-06-21 08:03:47,506 : DEBUG : telemetry.note : acquired lock
12320 : 2021-06-21 08:03:47,506 : INFO : telemetry.note : Update the note mtime to 2021-06-21 08:03:47.506129
12320 : 2021-06-21 08:03:47,506 : WARNING : telemetry.note : Fail to parse or read the timestamp 'N/A' in the note file. Set the last send time to minimal. Reason: not readable
12320 : 2021-06-21 08:03:47,506 : INFO : telemetry.records : No cache to be uploaded.
12320 : 2021-06-21 08:03:47,506 : INFO : telemetry.client : Accumulated 0 events. Flush the clients.
12320 : 2021-06-21 08:03:47,506 : INFO : telemetry.note : Update the last send in note to 0001-01-01 00:00:00
12320 : 2021-06-21 08:03:47,506 : INFO : telemetry.note : Update the note mtime to 2021-06-21 08:03:47.506810
11557 : 2021-06-23 12:29:02,985 : INFO : telemetry.main : Attempt start. Configuration directory [/home/gabriel/.azure].
11557 : 2021-06-23 12:29:02,985 : INFO : telemetry.check : Returns Positive.
11557 : 2021-06-23 12:29:02,985 : DEBUG : telemetry.note : acquiring lock
11557 : 2021-06-23 12:29:02,985 : DEBUG : telemetry.note : acquired lock
11557 : 2021-06-23 12:29:02,985 : INFO : telemetry.note : Update the note mtime to 2021-06-23 12:29:02.985934
11557 : 2021-06-23 12:29:02,988 : WARNING : telemetry.note : Fail to parse or read the timestamp '1-01-01T00:00:00' in the note file. Set the last send time to minimal. Reason: time data '1-01-01T00:00:00' does not match format '%Y-%m-%dT%H:%M:%S'
11557 : 2021-06-23 12:29:02,988 : INFO : telemetry.records : No cache to be uploaded.
11557 : 2021-06-23 12:29:02,988 : INFO : telemetry.client : Accumulated 0 events. Flush the clients.
11557 : 2021-06-23 12:29:02,988 : INFO : telemetry.note : Update the last send in note to 0001-01-01 00:00:00
11557 : 2021-06-23 12:29:02,988 : INFO : telemetry.note : Update the note mtime to 2021-06-23 12:29:02.988523
7130 : 2021-06-24 08:04:21,057 : INFO : telemetry.main : Attempt start. Configuration directory [/home/gabriel/.azure].
7130 : 2021-06-24 08:04:21,058 : INFO : telemetry.check : Returns Positive.
7130 : 2021-06-24 08:04:21,058 : DEBUG : telemetry.note : acquiring lock
7130 : 2021-06-24 08:04:21,058 : DEBUG : telemetry.note : acquired lock
7130 : 2021-06-24 08:04:21,058 : INFO : telemetry.note : Update the note mtime to 2021-06-24 08:04:21.058648
7130 : 2021-06-24 08:04:21,060 : WARNING : telemetry.note : Fail to parse or read the timestamp '1-01-01T00:00:00' in the note file. Set the last send time to minimal. Reason: time data '1-01-01T00:00:00' does not match format '%Y-%m-%dT%H:%M:%S'
7130 : 2021-06-24 08:04:21,060 : INFO : telemetry.records : No cache to be uploaded.
7130 : 2021-06-24 08:04:21,060 : INFO : telemetry.client : Accumulated 0 events. Flush the clients.
7130 : 2021-06-24 08:04:21,061 : INFO : telemetry.note : Update the last send in note to 0001-01-01 00:00:00
7130 : 2021-06-24 08:04:21,061 : INFO : telemetry.note : Update the note mtime to 2021-06-24 08:04:21.061087
17112 : 2021-06-24 09:56:59,404 : INFO : telemetry.main : Attempt start. Configuration directory [/home/gabriel/.azure].
17112 : 2021-06-24 09:56:59,405 : INFO : telemetry.check : Returns Positive.
17112 : 2021-06-24 09:56:59,405 : DEBUG : telemetry.note : acquiring lock
17112 : 2021-06-24 09:56:59,405 : DEBUG : telemetry.note : acquired lock
17112 : 2021-06-24 09:56:59,405 : INFO : telemetry.note : Update the note mtime to 2021-06-24 09:56:59.405516
17112 : 2021-06-24 09:56:59,407 : WARNING : telemetry.note : Fail to parse or read the timestamp '1-01-01T00:00:00' in the note file. Set the last send time to minimal. Reason: time data '1-01-01T00:00:00' does not match format '%Y-%m-%dT%H:%M:%S'
17112 : 2021-06-24 09:56:59,407 : INFO : telemetry.records : No cache to be uploaded.
17112 : 2021-06-24 09:56:59,408 : INFO : telemetry.client : Accumulated 0 events. Flush the clients.
17112 : 2021-06-24 09:56:59,408 : INFO : telemetry.note : Update the last send in note to 0001-01-01 00:00:00
17112 : 2021-06-24 09:56:59,408 : INFO : telemetry.note : Update the note mtime to 2021-06-24 09:56:59.408487
16500 : 2021-06-26 08:48:47,774 : INFO : telemetry.main : Attempt start. Configuration directory [/home/gabriel/.azure].
16500 : 2021-06-26 08:48:47,774 : INFO : telemetry.check : Returns Positive.
16500 : 2021-06-26 08:48:47,774 : DEBUG : telemetry.note : acquiring lock
16500 : 2021-06-26 08:48:47,775 : DEBUG : telemetry.note : acquired lock
16500 : 2021-06-26 08:48:47,775 : INFO : telemetry.note : Update the note mtime to 2021-06-26 08:48:47.775158
16500 : 2021-06-26 08:48:47,776 : WARNING : telemetry.note : Fail to parse or read the timestamp '1-01-01T00:00:00' in the note file. Set the last send time to minimal. Reason: time data '1-01-01T00:00:00' does not match format '%Y-%m-%dT%H:%M:%S'
16500 : 2021-06-26 08:48:47,777 : INFO : telemetry.records : No cache to be uploaded.
16500 : 2021-06-26 08:48:47,777 : INFO : telemetry.client : Accumulated 0 events. Flush the clients.
16500 : 2021-06-26 08:48:47,777 : INFO : telemetry.note : Update the last send in note to 0001-01-01 00:00:00
16500 : 2021-06-26 08:48:47,777 : INFO : telemetry.note : Update the note mtime to 2021-06-26 08:48:47.777447
21200 : 2021-06-30 09:50:42,909 : INFO : telemetry.main : Attempt start. Configuration directory [/home/gabriel/.azure].
21200 : 2021-06-30 09:50:42,909 : INFO : telemetry.check : Returns Positive.
21200 : 2021-06-30 09:50:42,909 : DEBUG : telemetry.note : acquiring lock
21200 : 2021-06-30 09:50:42,910 : DEBUG : telemetry.note : acquired lock
21200 : 2021-06-30 09:50:42,910 : INFO : telemetry.note : Update the note mtime to 2021-06-30 09:50:42.910211
21200 : 2021-06-30 09:50:42,912 : WARNING : telemetry.note : Fail to parse or read the timestamp '1-01-01T00:00:00' in the note file. Set the last send time to minimal. Reason: time data '1-01-01T00:00:00' does not match format '%Y-%m-%dT%H:%M:%S'
21200 : 2021-06-30 09:50:42,912 : INFO : telemetry.records : No cache to be uploaded.
21200 : 2021-06-30 09:50:42,912 : INFO : telemetry.client : Accumulated 0 events. Flush the clients.
21200 : 2021-06-30 09:50:42,913 : INFO : telemetry.note : Update the last send in note to 0001-01-01 00:00:00
21200 : 2021-06-30 09:50:42,913 : INFO : telemetry.note : Update the note mtime to 2021-06-30 09:50:42.913193
32451 : 2021-06-30 11:47:27,042 : INFO : telemetry.main : Attempt start. Configuration directory [/home/gabriel/.azure].
32451 : 2021-06-30 11:47:27,042 : INFO : telemetry.check : Returns Positive.
32451 : 2021-06-30 11:47:27,042 : DEBUG : telemetry.note : acquiring lock
32451 : 2021-06-30 11:47:27,042 : DEBUG : telemetry.note : acquired lock
32451 : 2021-06-30 11:47:27,042 : INFO : telemetry.note : Update the note mtime to 2021-06-30 11:47:27.042956
32451 : 2021-06-30 11:47:27,045 : WARNING : telemetry.note : Fail to parse or read the timestamp '1-01-01T00:00:00' in the note file. Set the last send time to minimal. Reason: time data '1-01-01T00:00:00' does not match format '%Y-%m-%dT%H:%M:%S'
32451 : 2021-06-30 11:47:27,045 : INFO : telemetry.records : No cache to be uploaded.
32451 : 2021-06-30 11:47:27,045 : INFO : telemetry.client : Accumulated 0 events. Flush the clients.
32451 : 2021-06-30 11:47:27,045 : INFO : telemetry.note : Update the last send in note to 0001-01-01 00:00:00
32451 : 2021-06-30 11:47:27,045 : INFO : telemetry.note : Update the note mtime to 2021-06-30 11:47:27.045960
41817 : 2021-06-30 13:05:29,550 : INFO : telemetry.main : Attempt start. Configuration directory [/home/gabriel/.azure].
41817 : 2021-06-30 13:05:29,551 : INFO : telemetry.check : Returns Positive.
41817 : 2021-06-30 13:05:29,551 : DEBUG : telemetry.note : acquiring lock
41817 : 2021-06-30 13:05:29,551 : DEBUG : telemetry.note : acquired lock
41817 : 2021-06-30 13:05:29,551 : INFO : telemetry.note : Update the note mtime to 2021-06-30 13:05:29.551706
41817 : 2021-06-30 13:05:29,553 : WARNING : telemetry.note : Fail to parse or read the timestamp '1-01-01T00:00:00' in the note file. Set the last send time to minimal. Reason: time data '1-01-01T00:00:00' does not match format '%Y-%m-%dT%H:%M:%S'
41817 : 2021-06-30 13:05:29,554 : INFO : telemetry.records : No cache to be uploaded.
41817 : 2021-06-30 13:05:29,554 : INFO : telemetry.client : Accumulated 0 events. Flush the clients.
41817 : 2021-06-30 13:05:29,554 : INFO : telemetry.note : Update the last send in note to 0001-01-01 00:00:00
41817 : 2021-06-30 13:05:29,554 : INFO : telemetry.note : Update the note mtime to 2021-06-30 13:05:29.554441
15849 : 2021-07-01 09:35:50,868 : INFO : telemetry.main : Attempt start. Configuration directory [/home/gabriel/.azure].
15849 : 2021-07-01 09:35:50,869 : INFO : telemetry.check : Returns Positive.
15849 : 2021-07-01 09:35:50,869 : DEBUG : telemetry.note : acquiring lock
15849 : 2021-07-01 09:35:50,869 : DEBUG : telemetry.note : acquired lock
15849 : 2021-07-01 09:35:50,869 : INFO : telemetry.note : Update the note mtime to 2021-07-01 09:35:50.869955
15849 : 2021-07-01 09:35:50,872 : WARNING : telemetry.note : Fail to parse or read the timestamp '1-01-01T00:00:00' in the note file. Set the last send time to minimal. Reason: time data '1-01-01T00:00:00' does not match format '%Y-%m-%dT%H:%M:%S'
15849 : 2021-07-01 09:35:50,873 : INFO : telemetry.records : No cache to be uploaded.
15849 : 2021-07-01 09:35:50,873 : INFO : telemetry.client : Accumulated 0 events. Flush the clients.
15849 : 2021-07-01 09:35:50,873 : INFO : telemetry.note : Update the last send in note to 0001-01-01 00:00:00
15849 : 2021-07-01 09:35:50,873 : INFO : telemetry.note : Update the note mtime to 2021-07-01 09:35:50.873448
13983 : 2021-07-07 08:31:09,479 : INFO : telemetry.main : Attempt start. Configuration directory [/home/gabriel/.azure].
13983 : 2021-07-07 08:31:09,480 : INFO : telemetry.check : Returns Positive.
13983 : 2021-07-07 08:31:09,480 : DEBUG : telemetry.note : acquiring lock
13983 : 2021-07-07 08:31:09,480 : DEBUG : telemetry.note : acquired lock
13983 : 2021-07-07 08:31:09,480 : INFO : telemetry.note : Update the note mtime to 2021-07-07 08:31:09.480593
13983 : 2021-07-07 08:31:09,482 : WARNING : telemetry.note : Fail to parse or read the timestamp '1-01-01T00:00:00' in the note file. Set the last send time to minimal. Reason: time data '1-01-01T00:00:00' does not match format '%Y-%m-%dT%H:%M:%S'
13983 : 2021-07-07 08:31:09,482 : INFO : telemetry.records : No cache to be uploaded.
13983 : 2021-07-07 08:31:09,482 : INFO : telemetry.client : Accumulated 0 events. Flush the clients.
13983 : 2021-07-07 08:31:09,482 : INFO : telemetry.note : Update the last send in note to 0001-01-01 00:00:00
13983 : 2021-07-07 08:31:09,482 : INFO : telemetry.note : Update the note mtime to 2021-07-07 08:31:09.482764
8444 : 2021-07-08 08:12:38,491 : INFO : telemetry.main : Attempt start. Configuration directory [/home/gabriel/.azure].
8444 : 2021-07-08 08:12:38,491 : INFO : telemetry.check : Returns Positive.
8444 : 2021-07-08 08:12:38,491 : DEBUG : telemetry.note : acquiring lock
8444 : 2021-07-08 08:12:38,492 : DEBUG : telemetry.note : acquired lock
8444 : 2021-07-08 08:12:38,492 : INFO : telemetry.note : Update the note mtime to 2021-07-08 08:12:38.492297
8444 : 2021-07-08 08:12:38,494 : WARNING : telemetry.note : Fail to parse or read the timestamp '1-01-01T00:00:00' in the note file. Set the last send time to minimal. Reason: time data '1-01-01T00:00:00' does not match format '%Y-%m-%dT%H:%M:%S'
8444 : 2021-07-08 08:12:38,494 : INFO : telemetry.records : No cache to be uploaded.
8444 : 2021-07-08 08:12:38,495 : INFO : telemetry.client : Accumulated 0 events. Flush the clients.
8444 : 2021-07-08 08:12:38,495 : INFO : telemetry.note : Update the last send in note to 0001-01-01 00:00:00
8444 : 2021-07-08 08:12:38,495 : INFO : telemetry.note : Update the note mtime to 2021-07-08 08:12:38.495318
23215 : 2021-07-14 09:51:50,697 : INFO : telemetry.main : Attempt start. Configuration directory [/home/gabriel/.azure].
23215 : 2021-07-14 09:51:50,697 : INFO : telemetry.check : Returns Positive.
23215 : 2021-07-14 09:51:50,698 : DEBUG : telemetry.note : acquiring lock
23215 : 2021-07-14 09:51:50,698 : DEBUG : telemetry.note : acquired lock
23215 : 2021-07-14 09:51:50,698 : INFO : telemetry.note : Update the note mtime to 2021-07-14 09:51:50.698240
23215 : 2021-07-14 09:51:50,700 : WARNING : telemetry.note : Fail to parse or read the timestamp '1-01-01T00:00:00' in the note file. Set the last send time to minimal. Reason: time data '1-01-01T00:00:00' does not match format '%Y-%m-%dT%H:%M:%S'
23215 : 2021-07-14 09:51:50,700 : INFO : telemetry.records : No cache to be uploaded.
23215 : 2021-07-14 09:51:50,700 : INFO : telemetry.client : Accumulated 0 events. Flush the clients.
23215 : 2021-07-14 09:51:50,700 : INFO : telemetry.note : Update the last send in note to 0001-01-01 00:00:00
23215 : 2021-07-14 09:51:50,700 : INFO : telemetry.note : Update the note mtime to 2021-07-14 09:51:50.700943
32149 : 2021-07-15 08:08:44,342 : INFO : telemetry.main : Attempt start. Configuration directory [/home/gabriel/.azure].
32149 : 2021-07-15 08:08:44,343 : INFO : telemetry.check : Returns Positive.
32149 : 2021-07-15 08:08:44,344 : DEBUG : telemetry.note : acquiring lock
32149 : 2021-07-15 08:08:44,344 : DEBUG : telemetry.note : acquired lock
32149 : 2021-07-15 08:08:44,345 : INFO : telemetry.note : Update the note mtime to 2021-07-15 08:08:44.345348
32149 : 2021-07-15 08:08:44,354 : WARNING : telemetry.note : Fail to parse or read the timestamp '1-01-01T00:00:00' in the note file. Set the last send time to minimal. Reason: time data '1-01-01T00:00:00' does not match format '%Y-%m-%dT%H:%M:%S'
32149 : 2021-07-15 08:08:44,356 : INFO : telemetry.records : No cache to be uploaded.
32149 : 2021-07-15 08:08:44,356 : INFO : telemetry.client : Accumulated 0 events. Flush the clients.
32149 : 2021-07-15 08:08:44,357 : INFO : telemetry.note : Update the last send in note to 0001-01-01 00:00:00
32149 : 2021-07-15 08:08:44,357 : INFO : telemetry.note : Update the note mtime to 2021-07-15 08:08:44.357805
10158 : 2021-07-17 00:10:35,161 : INFO : telemetry.main : Attempt start. Configuration directory [/home/gabriel/.azure].
10158 : 2021-07-17 00:10:35,161 : INFO : telemetry.check : Returns Positive.
10158 : 2021-07-17 00:10:35,161 : DEBUG : telemetry.note : acquiring lock
10158 : 2021-07-17 00:10:35,161 : DEBUG : telemetry.note : acquired lock
10158 : 2021-07-17 00:10:35,161 : INFO : telemetry.note : Update the note mtime to 2021-07-17 00:10:35.161710
10158 : 2021-07-17 00:10:35,163 : WARNING : telemetry.note : Fail to parse or read the timestamp '1-01-01T00:00:00' in the note file. Set the last send time to minimal. Reason: time data '1-01-01T00:00:00' does not match format '%Y-%m-%dT%H:%M:%S'
10158 : 2021-07-17 00:10:35,163 : INFO : telemetry.records : No cache to be uploaded.
10158 : 2021-07-17 00:10:35,163 : INFO : telemetry.client : Accumulated 0 events. Flush the clients.
10158 : 2021-07-17 00:10:35,163 : INFO : telemetry.note : Update the last send in note to 0001-01-01 00:00:00
10158 : 2021-07-17 00:10:35,164 : INFO : telemetry.note : Update the note mtime to 2021-07-17 00:10:35.164045
8628 : 2021-07-22 08:11:30,844 : INFO : telemetry.main : Attempt start. Configuration directory [/home/gabriel/.azure].
8628 : 2021-07-22 08:11:30,845 : INFO : telemetry.check : Returns Positive.
8628 : 2021-07-22 08:11:30,845 : DEBUG : telemetry.note : acquiring lock
8628 : 2021-07-22 08:11:30,846 : DEBUG : telemetry.note : acquired lock
8628 : 2021-07-22 08:11:30,846 : INFO : telemetry.note : Update the note mtime to 2021-07-22 08:11:30.846216
8628 : 2021-07-22 08:11:30,850 : WARNING : telemetry.note : Fail to parse or read the timestamp '1-01-01T00:00:00' in the note file. Set the last send time to minimal. Reason: time data '1-01-01T00:00:00' does not match format '%Y-%m-%dT%H:%M:%S'
8628 : 2021-07-22 08:11:30,850 : INFO : telemetry.records : No cache to be uploaded.
8628 : 2021-07-22 08:11:30,851 : INFO : telemetry.client : Accumulated 0 events. Flush the clients.
8628 : 2021-07-22 08:11:30,851 : INFO : telemetry.note : Update the last send in note to 0001-01-01 00:00:00
8628 : 2021-07-22 08:11:30,851 : INFO : telemetry.note : Update the note mtime to 2021-07-22 08:11:30.851758
19635 : 2021-07-22 09:23:06,869 : INFO : telemetry.main : Attempt start. Configuration directory [/home/gabriel/.azure].
19635 : 2021-07-22 09:23:06,870 : INFO : telemetry.check : Returns Positive.
19635 : 2021-07-22 09:23:06,870 : DEBUG : telemetry.note : acquiring lock
19635 : 2021-07-22 09:23:06,870 : DEBUG : telemetry.note : acquired lock
19635 : 2021-07-22 09:23:06,870 : INFO : telemetry.note : Update the note mtime to 2021-07-22 09:23:06.870347
19635 : 2021-07-22 09:23:06,872 : WARNING : telemetry.note : Fail to parse or read the timestamp '1-01-01T00:00:00' in the note file. Set the last send time to minimal. Reason: time data '1-01-01T00:00:00' does not match format '%Y-%m-%dT%H:%M:%S'
19635 : 2021-07-22 09:23:06,872 : INFO : telemetry.records : No cache to be uploaded.
19635 : 2021-07-22 09:23:06,872 : INFO : telemetry.client : Accumulated 0 events. Flush the clients.
19635 : 2021-07-22 09:23:06,872 : INFO : telemetry.note : Update the last send in note to 0001-01-01 00:00:00
19635 : 2021-07-22 09:23:06,872 : INFO : telemetry.note : Update the note mtime to 2021-07-22 09:23:06.872808
46521 : 2021-07-22 12:00:38,687 : INFO : telemetry.main : Attempt start. Configuration directory [/home/gabriel/.azure].
46521 : 2021-07-22 12:00:38,687 : INFO : telemetry.check : Returns Positive.
46521 : 2021-07-22 12:00:38,687 : DEBUG : telemetry.note : acquiring lock
46521 : 2021-07-22 12:00:38,687 : DEBUG : telemetry.note : acquired lock
46521 : 2021-07-22 12:00:38,687 : INFO : telemetry.note : Update the note mtime to 2021-07-22 12:00:38.687812
46521 : 2021-07-22 12:00:38,689 : WARNING : telemetry.note : Fail to parse or read the timestamp '1-01-01T00:00:00' in the note file. Set the last send time to minimal. Reason: time data '1-01-01T00:00:00' does not match format '%Y-%m-%dT%H:%M:%S'
46521 : 2021-07-22 12:00:38,689 : INFO : telemetry.records : No cache to be uploaded.
46521 : 2021-07-22 12:00:38,689 : INFO : telemetry.client : Accumulated 0 events. Flush the clients.
46521 : 2021-07-22 12:00:38,689 : INFO : telemetry.note : Update the last send in note to 0001-01-01 00:00:00
46521 : 2021-07-22 12:00:38,690 : INFO : telemetry.note : Update the note mtime to 2021-07-22 12:00:38.690073
25959 : 2021-07-24 09:10:47,724 : INFO : telemetry.main : Attempt start. Configuration directory [/home/gabriel/.azure].
25959 : 2021-07-24 09:10:47,724 : INFO : telemetry.check : Returns Positive.
25959 : 2021-07-24 09:10:47,724 : DEBUG : telemetry.note : acquiring lock
25959 : 2021-07-24 09:10:47,724 : DEBUG : telemetry.note : acquired lock
25959 : 2021-07-24 09:10:47,724 : INFO : telemetry.note : Update the note mtime to 2021-07-24 09:10:47.724700
25959 : 2021-07-24 09:10:47,726 : WARNING : telemetry.note : Fail to parse or read the timestamp '1-01-01T00:00:00' in the note file. Set the last send time to minimal. Reason: time data '1-01-01T00:00:00' does not match format '%Y-%m-%dT%H:%M:%S'
25959 : 2021-07-24 09:10:47,726 : INFO : telemetry.records : No cache to be uploaded.
25959 : 2021-07-24 09:10:47,726 : INFO : telemetry.client : Accumulated 0 events. Flush the clients.
25959 : 2021-07-24 09:10:47,726 : INFO : telemetry.note : Update the last send in note to 0001-01-01 00:00:00
25959 : 2021-07-24 09:10:47,726 : INFO : telemetry.note : Update the note mtime to 2021-07-24 09:10:47.726608
61716 : 2021-07-24 11:34:47,108 : INFO : telemetry.main : Attempt start. Configuration directory [/home/gabriel/.azure].
61716 : 2021-07-24 11:34:47,108 : INFO : telemetry.check : Returns Positive.
61716 : 2021-07-24 11:34:47,108 : DEBUG : telemetry.note : acquiring lock
61716 : 2021-07-24 11:34:47,108 : DEBUG : telemetry.note : acquired lock
61716 : 2021-07-24 11:34:47,109 : INFO : telemetry.note : Update the note mtime to 2021-07-24 11:34:47.109021
61716 : 2021-07-24 11:34:47,110 : WARNING : telemetry.note : Fail to parse or read the timestamp '1-01-01T00:00:00' in the note file. Set the last send time to minimal. Reason: time data '1-01-01T00:00:00' does not match format '%Y-%m-%dT%H:%M:%S'
61716 : 2021-07-24 11:34:47,110 : INFO : telemetry.records : No cache to be uploaded.
61716 : 2021-07-24 11:34:47,111 : INFO : telemetry.client : Accumulated 0 events. Flush the clients.
61716 : 2021-07-24 11:34:47,111 : INFO : telemetry.note : Update the last send in note to 0001-01-01 00:00:00
61716 : 2021-07-24 11:34:47,111 : INFO : telemetry.note : Update the note mtime to 2021-07-24 11:34:47.111204
64804 : 2021-07-24 11:50:44,657 : INFO : telemetry.main : Attempt start. Configuration directory [/home/gabriel/.azure].
64804 : 2021-07-24 11:50:44,658 : INFO : telemetry.check : Returns Positive.
64804 : 2021-07-24 11:50:44,658 : DEBUG : telemetry.note : acquiring lock
64804 : 2021-07-24 11:50:44,658 : DEBUG : telemetry.note : acquired lock
64804 : 2021-07-24 11:50:44,658 : INFO : telemetry.note : Update the note mtime to 2021-07-24 11:50:44.658458
64804 : 2021-07-24 11:50:44,660 : WARNING : telemetry.note : Fail to parse or read the timestamp '1-01-01T00:00:00' in the note file. Set the last send time to minimal. Reason: time data '1-01-01T00:00:00' does not match format '%Y-%m-%dT%H:%M:%S'
64804 : 2021-07-24 11:50:44,660 : INFO : telemetry.records : No cache to be uploaded.
64804 : 2021-07-24 11:50:44,660 : INFO : telemetry.client : Accumulated 0 events. Flush the clients.
64804 : 2021-07-24 11:50:44,660 : INFO : telemetry.note : Update the last send in note to 0001-01-01 00:00:00
64804 : 2021-07-24 11:50:44,660 : INFO : telemetry.note : Update the note mtime to 2021-07-24 11:50:44.660599
